<?xml version="1.0" encoding="UTF-8"?>
<testng-results ignored="0" total="5" passed="5" failed="0" skipped="0">
  <reporter-output>
  </reporter-output>
  <suite started-at="2025-01-05T20:43:31 ICT" name="Surefire suite" finished-at="2025-01-05T20:45:23 ICT" duration-ms="111843">
    <groups>
    </groups>
    <test started-at="2025-01-05T20:43:31 ICT" name="Surefire test" finished-at="2025-01-05T20:45:23 ICT" duration-ms="111843">
      <class name="com.example.selenium.AppLoginTest">
        <test-method is-config="true" signature="setUp()[pri:0, instance:com.example.selenium.AppLoginTest@7c251f90]" started-at="2025-01-05T20:43:31 ICT" name="setUp" finished-at="2025-01-05T20:44:09 ICT" duration-ms="38376" status="PASS">
          <reporter-output>
          </reporter-output>
        </test-method> <!-- setUp -->
        <test-method signature="TC002_testCorrectPassword()[pri:0, instance:com.example.selenium.AppLoginTest@7c251f90]" started-at="2025-01-05T20:44:10 ICT" name="TC002_testCorrectPassword" finished-at="2025-01-05T20:44:56 ICT" duration-ms="46228" status="PASS">
          <reporter-output>
          </reporter-output>
        </test-method> <!-- TC002_testCorrectPassword -->
        <test-method signature="TC003_testInvalidEmailLogin()[pri:0, instance:com.example.selenium.AppLoginTest@7c251f90]" started-at="2025-01-05T20:44:56 ICT" name="TC003_testInvalidEmailLogin" finished-at="2025-01-05T20:44:59 ICT" duration-ms="3324" status="PASS">
          <reporter-output>
          </reporter-output>
        </test-method> <!-- TC003_testInvalidEmailLogin -->
        <test-method signature="TC005_testIncorrectPassword()[pri:0, instance:com.example.selenium.AppLoginTest@7c251f90]" started-at="2025-01-05T20:44:59 ICT" name="TC005_testIncorrectPassword" finished-at="2025-01-05T20:45:05 ICT" duration-ms="5431" status="PASS">
          <reporter-output>
          </reporter-output>
        </test-method> <!-- TC005_testIncorrectPassword -->
        <test-method is-config="true" signature="tearDown()[pri:0, instance:com.example.selenium.AppLoginTest@7c251f90]" started-at="2025-01-05T20:45:05 ICT" name="tearDown" finished-at="2025-01-05T20:45:06 ICT" duration-ms="1739" status="PASS">
          <reporter-output>
          </reporter-output>
        </test-method> <!-- tearDown -->
      </class> <!-- com.example.selenium.AppLoginTest -->
      <class name="com.example.selenium.AppSearchTest">
        <test-method is-config="true" signature="setUp()[pri:0, instance:com.example.selenium.AppSearchTest@2e6f610d]" started-at="2025-01-05T20:45:06 ICT" name="setUp" finished-at="2025-01-05T20:45:13 ICT" duration-ms="6277" status="PASS">
          <reporter-output>
          </reporter-output>
        </test-method> <!-- setUp -->
        <test-method signature="TC008_testSearchByInput()[pri:0, instance:com.example.selenium.AppSearchTest@2e6f610d]" started-at="2025-01-05T20:45:13 ICT" name="TC008_testSearchByInput" finished-at="2025-01-05T20:45:17 ICT" duration-ms="4293" status="PASS">
          <reporter-output>
          </reporter-output>
        </test-method> <!-- TC008_testSearchByInput -->
        <test-method signature="TC009_testSearchByChoice()[pri:0, instance:com.example.selenium.AppSearchTest@2e6f610d]" started-at="2025-01-05T20:45:17 ICT" name="TC009_testSearchByChoice" finished-at="2025-01-05T20:45:21 ICT" duration-ms="4108" status="PASS">
          <reporter-output>
          </reporter-output>
        </test-method> <!-- TC009_testSearchByChoice -->
        <test-method is-config="true" signature="tearDown()[pri:0, instance:com.example.selenium.AppSearchTest@2e6f610d]" started-at="2025-01-05T20:45:21 ICT" name="tearDown" finished-at="2025-01-05T20:45:23 ICT" duration-ms="1872" status="PASS">
          <reporter-output>
          </reporter-output>
        </test-method> <!-- tearDown -->
      </class> <!-- com.example.selenium.AppSearchTest -->
    </test> <!-- Surefire test -->
  </suite> <!-- Surefire suite -->
</testng-results>
