<?xml version="1.0" encoding="UTF-8"?>
<!-- Generated by org.testng.reporters.JUnitXMLReporter -->
<testsuite ignored="0" hostname="LAPTOP-OKKDNTQ6" failures="0" tests="5" name="Surefire test" time="74.238" errors="0" timestamp="2025-01-05T22:33:16 ICT">
  <testcase classname="com.example.selenium.App1LoginTest" name="TC002_testCorrectPassword" time="19.29"/>
  <testcase classname="com.example.selenium.App1LoginTest" name="TC003_testInvalidEmailLogin" time="7.575"/>
  <testcase classname="com.example.selenium.App1LoginTest" name="TC005_testIncorrectPassword" time="6.823"/>
  <testcase classname="com.example.selenium.App3SearchTest" name="TC008_testSearchByInput" time="5.365"/>
  <testcase classname="com.example.selenium.App3SearchTest" name="TC009_testSearchByChoice" time="5.817"/>
</testsuite> <!-- Surefire test -->
