<?xml version="1.0" encoding="UTF-8"?>
<testng-results ignored="0" total="5" passed="5" failed="0" skipped="0">
  <reporter-output>
  </reporter-output>
  <suite started-at="2025-01-05T22:32:02 ICT" name="Surefire suite" finished-at="2025-01-05T22:33:16 ICT" duration-ms="74238">
    <groups>
    </groups>
    <test started-at="2025-01-05T22:32:02 ICT" name="Surefire test" finished-at="2025-01-05T22:33:16 ICT" duration-ms="74238">
      <class name="com.example.selenium.App3SearchTest">
        <test-method is-config="true" signature="setUp()[pri:0, instance:com.example.selenium.App3SearchTest@65d57e4e]" started-at="2025-01-05T22:32:59 ICT" name="setUp" finished-at="2025-01-05T22:33:04 ICT" duration-ms="4537" status="PASS">
          <reporter-output>
          </reporter-output>
        </test-method> <!-- setUp -->
        <test-method signature="TC008_testSearchByInput()[pri:0, instance:com.example.selenium.App3SearchTest@65d57e4e]" started-at="2025-01-05T22:33:04 ICT" name="TC008_testSearchByInput" finished-at="2025-01-05T22:33:09 ICT" duration-ms="5365" status="PASS">
          <reporter-output>
          </reporter-output>
        </test-method> <!-- TC008_testSearchByInput -->
        <test-method signature="TC009_testSearchByChoice()[pri:0, instance:com.example.selenium.App3SearchTest@65d57e4e]" started-at="2025-01-05T22:33:09 ICT" name="TC009_testSearchByChoice" finished-at="2025-01-05T22:33:15 ICT" duration-ms="5817" status="PASS">
          <reporter-output>
          </reporter-output>
        </test-method> <!-- TC009_testSearchByChoice -->
        <test-method is-config="true" signature="tearDown()[pri:0, instance:com.example.selenium.App3SearchTest@65d57e4e]" started-at="2025-01-05T22:33:15 ICT" name="tearDown" finished-at="2025-01-05T22:33:16 ICT" duration-ms="1062" status="PASS">
          <reporter-output>
          </reporter-output>
        </test-method> <!-- tearDown -->
      </class> <!-- com.example.selenium.App3SearchTest -->
      <class name="com.example.selenium.App1LoginTest">
        <test-method is-config="true" signature="setUp()[pri:0, instance:com.example.selenium.App1LoginTest@2e6f610d]" started-at="2025-01-05T22:32:02 ICT" name="setUp" finished-at="2025-01-05T22:32:23 ICT" duration-ms="21194" status="PASS">
          <reporter-output>
          </reporter-output>
        </test-method> <!-- setUp -->
        <test-method signature="TC002_testCorrectPassword()[pri:0, instance:com.example.selenium.App1LoginTest@2e6f610d]" started-at="2025-01-05T22:32:23 ICT" name="TC002_testCorrectPassword" finished-at="2025-01-05T22:32:42 ICT" duration-ms="19290" status="PASS">
          <reporter-output>
          </reporter-output>
        </test-method> <!-- TC002_testCorrectPassword -->
        <test-method signature="TC003_testInvalidEmailLogin()[pri:0, instance:com.example.selenium.App1LoginTest@2e6f610d]" started-at="2025-01-05T22:32:43 ICT" name="TC003_testInvalidEmailLogin" finished-at="2025-01-05T22:32:50 ICT" duration-ms="7575" status="PASS">
          <reporter-output>
          </reporter-output>
        </test-method> <!-- TC003_testInvalidEmailLogin -->
        <test-method signature="TC005_testIncorrectPassword()[pri:0, instance:com.example.selenium.App1LoginTest@2e6f610d]" started-at="2025-01-05T22:32:51 ICT" name="TC005_testIncorrectPassword" finished-at="2025-01-05T22:32:57 ICT" duration-ms="6823" status="PASS">
          <reporter-output>
          </reporter-output>
        </test-method> <!-- TC005_testIncorrectPassword -->
        <test-method is-config="true" signature="tearDown()[pri:0, instance:com.example.selenium.App1LoginTest@2e6f610d]" started-at="2025-01-05T22:32:57 ICT" name="tearDown" finished-at="2025-01-05T22:32:59 ICT" duration-ms="1885" status="PASS">
          <reporter-output>
          </reporter-output>
        </test-method> <!-- tearDown -->
      </class> <!-- com.example.selenium.App1LoginTest -->
    </test> <!-- Surefire test -->
  </suite> <!-- Surefire suite -->
</testng-results>
