<?xml version="1.0" encoding="UTF-8"?>
<!-- Generated by org.testng.reporters.JUnitXMLReporter -->
<testsuite ignored="0" hostname="LAPTOP-OKKDNTQ6" failures="0" tests="5" name="Surefire test" time="111.843" errors="0" timestamp="2025-01-05T20:45:23 ICT">
  <testcase classname="com.example.selenium.AppLoginTest" name="TC002_testCorrectPassword" time="46.228"/>
  <testcase classname="com.example.selenium.AppLoginTest" name="TC003_testInvalidEmailLogin" time="3.324"/>
  <testcase classname="com.example.selenium.AppLoginTest" name="TC005_testIncorrectPassword" time="5.431"/>
  <testcase classname="com.example.selenium.AppSearchTest" name="TC008_testSearchByInput" time="4.293"/>
  <testcase classname="com.example.selenium.AppSearchTest" name="TC009_testSearchByChoice" time="4.108"/>
</testsuite> <!-- Surefire test -->
